2020-01-13T21:10:51+00:00 CRITICAL Uncaught Error: Call to undefined function str_split_unicode() in D:\coding\xammp\htdocs\Simple-hack-v1\simplehack\wordpress\wp-content\themes\SimpleHack\includes\sections\hero.php:58
Stack trace:
#0 D:\coding\xammp\htdocs\Simple-hack-v1\simplehack\wordpress\wp-includes\template.php(724): require()
#1 D:\coding\xammp\htdocs\Simple-hack-v1\simplehack\wordpress\wp-includes\template.php(671): load_template('D:\\coding\\xammp...', false)
#2 D:\coding\xammp\htdocs\Simple-hack-v1\simplehack\wordpress\wp-includes\general-template.php(168): locate_template(Array, true, false)
#3 D:\coding\xammp\htdocs\Simple-hack-v1\simplehack\wordpress\wp-content\themes\SimpleHack\includes\sections\page-builder.php(22): get_template_part('includes/sectio...')
#4 D:\coding\xammp\htdocs\Simple-hack-v1\simplehack\wordpress\wp-includes\template.php(724): require('D:\\coding\\xammp...')
#5 D:\coding\xammp\htdocs\Simple-hack-v1\simplehack\wordpress\wp-includes\template.php(671): load_template('D:\\coding\\xammp...', false)
#6 D:\coding\xa in D:\coding\xammp\htdocs\Simple-hack-v1\simplehack\wordpress\wp-content\themes\SimpleHack\includes\sections\hero.php on line 58

2020-01-13T21:11:01+00:00 CRITICAL Uncaught Error: Call to undefined function str_split_unicode() in D:\coding\xammp\htdocs\Simple-hack-v1\simplehack\wordpress\wp-content\themes\SimpleHack\includes\sections\hero.php:58
Stack trace:
#0 D:\coding\xammp\htdocs\Simple-hack-v1\simplehack\wordpress\wp-includes\template.php(724): require()
#1 D:\coding\xammp\htdocs\Simple-hack-v1\simplehack\wordpress\wp-includes\template.php(671): load_template('D:\\coding\\xammp...', false)
#2 D:\coding\xammp\htdocs\Simple-hack-v1\simplehack\wordpress\wp-includes\general-template.php(168): locate_template(Array, true, false)
#3 D:\coding\xammp\htdocs\Simple-hack-v1\simplehack\wordpress\wp-content\themes\SimpleHack\includes\sections\page-builder.php(22): get_template_part('includes/sectio...')
#4 D:\coding\xammp\htdocs\Simple-hack-v1\simplehack\wordpress\wp-includes\template.php(724): require('D:\\coding\\xammp...')
#5 D:\coding\xammp\htdocs\Simple-hack-v1\simplehack\wordpress\wp-includes\template.php(671): load_template('D:\\coding\\xammp...', false)
#6 D:\coding\xa in D:\coding\xammp\htdocs\Simple-hack-v1\simplehack\wordpress\wp-content\themes\SimpleHack\includes\sections\hero.php on line 58

2020-01-13T21:11:05+00:00 CRITICAL Uncaught Error: Call to undefined function str_split_unicode() in D:\coding\xammp\htdocs\Simple-hack-v1\simplehack\wordpress\wp-content\themes\SimpleHack\includes\sections\hero.php:58
Stack trace:
#0 D:\coding\xammp\htdocs\Simple-hack-v1\simplehack\wordpress\wp-includes\template.php(724): require()
#1 D:\coding\xammp\htdocs\Simple-hack-v1\simplehack\wordpress\wp-includes\template.php(671): load_template('D:\\coding\\xammp...', false)
#2 D:\coding\xammp\htdocs\Simple-hack-v1\simplehack\wordpress\wp-includes\general-template.php(168): locate_template(Array, true, false)
#3 D:\coding\xammp\htdocs\Simple-hack-v1\simplehack\wordpress\wp-content\themes\SimpleHack\includes\sections\page-builder.php(22): get_template_part('includes/sectio...')
#4 D:\coding\xammp\htdocs\Simple-hack-v1\simplehack\wordpress\wp-includes\template.php(724): require('D:\\coding\\xammp...')
#5 D:\coding\xammp\htdocs\Simple-hack-v1\simplehack\wordpress\wp-includes\template.php(671): load_template('D:\\coding\\xammp...', false)
#6 D:\coding\xa in D:\coding\xammp\htdocs\Simple-hack-v1\simplehack\wordpress\wp-content\themes\SimpleHack\includes\sections\hero.php on line 58

2020-01-13T21:11:16+00:00 CRITICAL Uncaught Error: Call to undefined function str_split_unicode() in D:\coding\xammp\htdocs\Simple-hack-v1\simplehack\wordpress\wp-content\themes\SimpleHack\includes\sections\hero.php:58
Stack trace:
#0 D:\coding\xammp\htdocs\Simple-hack-v1\simplehack\wordpress\wp-includes\template.php(724): require()
#1 D:\coding\xammp\htdocs\Simple-hack-v1\simplehack\wordpress\wp-includes\template.php(671): load_template('D:\\coding\\xammp...', false)
#2 D:\coding\xammp\htdocs\Simple-hack-v1\simplehack\wordpress\wp-includes\general-template.php(168): locate_template(Array, true, false)
#3 D:\coding\xammp\htdocs\Simple-hack-v1\simplehack\wordpress\wp-content\themes\SimpleHack\includes\sections\page-builder.php(22): get_template_part('includes/sectio...')
#4 D:\coding\xammp\htdocs\Simple-hack-v1\simplehack\wordpress\wp-includes\template.php(724): require('D:\\coding\\xammp...')
#5 D:\coding\xammp\htdocs\Simple-hack-v1\simplehack\wordpress\wp-includes\template.php(671): load_template('D:\\coding\\xammp...', false)
#6 D:\coding\xa in D:\coding\xammp\htdocs\Simple-hack-v1\simplehack\wordpress\wp-content\themes\SimpleHack\includes\sections\hero.php on line 58

